2025-03-06 22:10:01.280 [http-nio-8080-exec-1] INFO  o.a.c.c.ContainerBase.[Tomcat].[localhost].[/bp] - Initializing Spring DispatcherServlet 'dispatcherServlet'
2025-03-06 22:10:01.280 [http-nio-8080-exec-1] INFO  org.springframework.web.servlet.DispatcherServlet - Initializing Servlet 'dispatcherServlet'
2025-03-06 22:10:01.281 [http-nio-8080-exec-1] INFO  org.springframework.web.servlet.DispatcherServlet - Completed initialization in 1 ms
2025-03-06 22:10:05.087 [http-nio-8080-exec-1] INFO  com.zaxxer.hikari.HikariDataSource - hikari - Starting...
2025-03-06 22:10:05.216 [http-nio-8080-exec-1] INFO  com.zaxxer.hikari.pool.HikariPool - hikari - Added connection com.mysql.cj.jdbc.ConnectionImpl@4bbcf5d9
2025-03-06 22:10:05.218 [http-nio-8080-exec-1] INFO  com.zaxxer.hikari.HikariDataSource - hikari - Start completed.
2025-03-06 22:15:03.217 [SpringApplicationShutdownHook] INFO  o.s.boot.web.embedded.tomcat.GracefulShutdown - Commencing graceful shutdown. Waiting for active requests to complete
2025-03-06 22:15:03.222 [tomcat-shutdown] INFO  o.s.boot.web.embedded.tomcat.GracefulShutdown - Graceful shutdown complete
2025-03-06 22:15:03.225 [SpringApplicationShutdownHook] INFO  com.zaxxer.hikari.HikariDataSource - hikari - Shutdown initiated...
2025-03-06 22:15:03.233 [SpringApplicationShutdownHook] INFO  com.zaxxer.hikari.HikariDataSource - hikari - Shutdown completed.
2025-03-06 22:15:05.129 [background-preinit] INFO  org.hibernate.validator.internal.util.Version - HV000001: Hibernate Validator 8.0.2.Final
2025-03-06 22:15:05.169 [main] INFO  com.example.basicproject.BasicProjectApplication - Starting BasicProjectApplication using Java 21.0.6 with PID 18196 (E:\project\basicProject\target\classes started by Diao YuHang in E:\project\basicProject)
2025-03-06 22:15:05.170 [main] INFO  com.example.basicproject.BasicProjectApplication - No active profile set, falling back to 1 default profile: "default"
2025-03-06 22:15:05.891 [main] INFO  o.s.boot.web.embedded.tomcat.TomcatWebServer - Tomcat initialized with port 8080 (http)
2025-03-06 22:15:05.899 [main] INFO  org.apache.coyote.http11.Http11NioProtocol - Initializing ProtocolHandler ["http-nio-8080"]
2025-03-06 22:15:05.900 [main] INFO  org.apache.catalina.core.StandardService - Starting service [Tomcat]
2025-03-06 22:15:05.901 [main] INFO  org.apache.catalina.core.StandardEngine - Starting Servlet engine: [Apache Tomcat/10.1.36]
2025-03-06 22:15:05.931 [main] INFO  o.a.c.c.ContainerBase.[Tomcat].[localhost].[/bp] - Initializing Spring embedded WebApplicationContext
2025-03-06 22:15:05.932 [main] INFO  o.s.b.w.s.c.ServletWebServerApplicationContext - Root WebApplicationContext: initialization completed in 727 ms
2025-03-06 22:15:06.448 [main] INFO  org.apache.coyote.http11.Http11NioProtocol - Starting ProtocolHandler ["http-nio-8080"]
2025-03-06 22:15:06.462 [main] INFO  o.s.boot.web.embedded.tomcat.TomcatWebServer - Tomcat started on port 8080 (http) with context path '/bp'
2025-03-06 22:15:06.467 [main] INFO  com.example.basicproject.BasicProjectApplication - Started BasicProjectApplication in 1.62 seconds (process running for 2.217)
2025-03-06 22:15:14.728 [http-nio-8080-exec-3] INFO  o.a.c.c.ContainerBase.[Tomcat].[localhost].[/bp] - Initializing Spring DispatcherServlet 'dispatcherServlet'
2025-03-06 22:15:14.728 [http-nio-8080-exec-3] INFO  org.springframework.web.servlet.DispatcherServlet - Initializing Servlet 'dispatcherServlet'
2025-03-06 22:15:14.729 [http-nio-8080-exec-3] INFO  org.springframework.web.servlet.DispatcherServlet - Completed initialization in 1 ms
2025-03-06 22:15:14.867 [http-nio-8080-exec-3] INFO  com.zaxxer.hikari.HikariDataSource - hikari - Starting...
2025-03-06 22:15:15.001 [http-nio-8080-exec-3] INFO  com.zaxxer.hikari.pool.HikariPool - hikari - Added connection com.mysql.cj.jdbc.ConnectionImpl@288727e6
2025-03-06 22:15:15.003 [http-nio-8080-exec-3] INFO  com.zaxxer.hikari.HikariDataSource - hikari - Start completed.
2025-03-06 22:26:03.323 [SpringApplicationShutdownHook] INFO  o.s.boot.web.embedded.tomcat.GracefulShutdown - Commencing graceful shutdown. Waiting for active requests to complete
2025-03-06 22:26:03.328 [tomcat-shutdown] INFO  o.s.boot.web.embedded.tomcat.GracefulShutdown - Graceful shutdown complete
2025-03-06 22:26:03.333 [SpringApplicationShutdownHook] INFO  com.zaxxer.hikari.HikariDataSource - hikari - Shutdown initiated...
2025-03-06 22:26:03.341 [SpringApplicationShutdownHook] INFO  com.zaxxer.hikari.HikariDataSource - hikari - Shutdown completed.
2025-03-06 22:26:06.067 [background-preinit] INFO  org.hibernate.validator.internal.util.Version - HV000001: Hibernate Validator 8.0.2.Final
2025-03-06 22:26:06.109 [main] INFO  com.example.basicproject.BasicProjectApplication - Starting BasicProjectApplication using Java 21.0.6 with PID 15892 (E:\project\basicProject\target\classes started by Diao YuHang in E:\project\basicProject)
2025-03-06 22:26:06.110 [main] INFO  com.example.basicproject.BasicProjectApplication - No active profile set, falling back to 1 default profile: "default"
2025-03-06 22:26:06.866 [main] INFO  o.s.boot.web.embedded.tomcat.TomcatWebServer - Tomcat initialized with port 8080 (http)
2025-03-06 22:26:06.875 [main] INFO  org.apache.coyote.http11.Http11NioProtocol - Initializing ProtocolHandler ["http-nio-8080"]
2025-03-06 22:26:06.877 [main] INFO  org.apache.catalina.core.StandardService - Starting service [Tomcat]
2025-03-06 22:26:06.877 [main] INFO  org.apache.catalina.core.StandardEngine - Starting Servlet engine: [Apache Tomcat/10.1.36]
2025-03-06 22:26:06.918 [main] INFO  o.a.c.c.ContainerBase.[Tomcat].[localhost].[/bp] - Initializing Spring embedded WebApplicationContext
2025-03-06 22:26:06.918 [main] INFO  o.s.b.w.s.c.ServletWebServerApplicationContext - Root WebApplicationContext: initialization completed in 772 ms
2025-03-06 22:26:07.485 [main] INFO  org.apache.coyote.http11.Http11NioProtocol - Starting ProtocolHandler ["http-nio-8080"]
2025-03-06 22:26:07.498 [main] INFO  o.s.boot.web.embedded.tomcat.TomcatWebServer - Tomcat started on port 8080 (http) with context path '/bp'
2025-03-06 22:26:07.504 [main] INFO  com.example.basicproject.BasicProjectApplication - Started BasicProjectApplication in 1.718 seconds (process running for 2.311)
2025-03-06 22:26:31.592 [http-nio-8080-exec-1] INFO  o.a.c.c.ContainerBase.[Tomcat].[localhost].[/bp] - Initializing Spring DispatcherServlet 'dispatcherServlet'
2025-03-06 22:26:31.592 [http-nio-8080-exec-1] INFO  org.springframework.web.servlet.DispatcherServlet - Initializing Servlet 'dispatcherServlet'
2025-03-06 22:26:31.593 [http-nio-8080-exec-1] INFO  org.springframework.web.servlet.DispatcherServlet - Completed initialization in 1 ms
2025-03-06 22:26:31.678 [http-nio-8080-exec-1] INFO  com.zaxxer.hikari.HikariDataSource - hikari - Starting...
2025-03-06 22:26:31.806 [http-nio-8080-exec-1] INFO  com.zaxxer.hikari.pool.HikariPool - hikari - Added connection com.mysql.cj.jdbc.ConnectionImpl@21019547
2025-03-06 22:26:31.808 [http-nio-8080-exec-1] INFO  com.zaxxer.hikari.HikariDataSource - hikari - Start completed.
2025-03-06 22:26:32.223 [http-nio-8080-exec-1] ERROR c.e.basicproject.config.GlobalExceptionConfig - runtimeExceptionHandler:
### Error updating database.  Cause: java.sql.SQLIntegrityConstraintViolationException: Column 'name' cannot be null
### The error may exist in file [E:\project\basicProject\target\classes\mapper\UserDao.xml]
### The error may involve com.example.basicproject.dao.UserDao.insert-Inline
### The error occurred while setting parameters
### SQL: insert into user (employee_id, `password`, `name`,        gender, avatar, email,        department_id, `status`, create_time,        edit_time, creator, editor)     values (?, ?, ?,        ?, ?, ?,       ?, ?, ?,        ?, ?, ?)
### Cause: java.sql.SQLIntegrityConstraintViolationException: Column 'name' cannot be null
; Column 'name' cannot be null
org.springframework.dao.DataIntegrityViolationException: 
### Error updating database.  Cause: java.sql.SQLIntegrityConstraintViolationException: Column 'name' cannot be null
### The error may exist in file [E:\project\basicProject\target\classes\mapper\UserDao.xml]
### The error may involve com.example.basicproject.dao.UserDao.insert-Inline
### The error occurred while setting parameters
### SQL: insert into user (employee_id, `password`, `name`,        gender, avatar, email,        department_id, `status`, create_time,        edit_time, creator, editor)     values (?, ?, ?,        ?, ?, ?,       ?, ?, ?,        ?, ?, ?)
### Cause: java.sql.SQLIntegrityConstraintViolationException: Column 'name' cannot be null
; Column 'name' cannot be null
	at org.springframework.jdbc.support.SQLExceptionSubclassTranslator.doTranslate(SQLExceptionSubclassTranslator.java:97)
	at org.springframework.jdbc.support.AbstractFallbackSQLExceptionTranslator.translate(AbstractFallbackSQLExceptionTranslator.java:107)
	at org.springframework.jdbc.support.AbstractFallbackSQLExceptionTranslator.translate(AbstractFallbackSQLExceptionTranslator.java:116)
	at org.mybatis.spring.MyBatisExceptionTranslator.translateExceptionIfPossible(MyBatisExceptionTranslator.java:93)
	at org.mybatis.spring.SqlSessionTemplate$SqlSessionInterceptor.invoke(SqlSessionTemplate.java:347)
	at jdk.proxy2/jdk.proxy2.$Proxy67.insert(Unknown Source)
	at org.mybatis.spring.SqlSessionTemplate.insert(SqlSessionTemplate.java:224)
	at org.apache.ibatis.binding.MapperMethod.execute(MapperMethod.java:62)
	at org.apache.ibatis.binding.MapperProxy$PlainMethodInvoker.invoke(MapperProxy.java:141)
	at org.apache.ibatis.binding.MapperProxy.invoke(MapperProxy.java:86)
	at jdk.proxy2/jdk.proxy2.$Proxy68.insert(Unknown Source)
	at com.example.basicproject.service.impl.UserServiceImpl.register(UserServiceImpl.java:47)
	at com.example.basicproject.controller.user.UserController.register(UserController.java:42)
	at java.base/jdk.internal.reflect.DirectMethodHandleAccessor.invoke(DirectMethodHandleAccessor.java:103)
	at java.base/java.lang.reflect.Method.invoke(Method.java:580)
	at org.springframework.web.method.support.InvocableHandlerMethod.doInvoke(InvocableHandlerMethod.java:257)
	at org.springframework.web.method.support.InvocableHandlerMethod.invokeForRequest(InvocableHandlerMethod.java:190)
	at org.springframework.web.servlet.mvc.method.annotation.ServletInvocableHandlerMethod.invokeAndHandle(ServletInvocableHandlerMethod.java:118)
	at org.springframework.web.servlet.mvc.method.annotation.RequestMappingHandlerAdapter.invokeHandlerMethod(RequestMappingHandlerAdapter.java:986)
	at org.springframework.web.servlet.mvc.method.annotation.RequestMappingHandlerAdapter.handleInternal(RequestMappingHandlerAdapter.java:891)
	at org.springframework.web.servlet.mvc.method.AbstractHandlerMethodAdapter.handle(AbstractHandlerMethodAdapter.java:87)
	at org.springframework.web.servlet.DispatcherServlet.doDispatch(DispatcherServlet.java:1088)
	at org.springframework.web.servlet.DispatcherServlet.doService(DispatcherServlet.java:978)
	at org.springframework.web.servlet.FrameworkServlet.processRequest(FrameworkServlet.java:1014)
	at org.springframework.web.servlet.FrameworkServlet.doPost(FrameworkServlet.java:914)
	at jakarta.servlet.http.HttpServlet.service(HttpServlet.java:590)
	at org.springframework.web.servlet.FrameworkServlet.service(FrameworkServlet.java:885)
	at jakarta.servlet.http.HttpServlet.service(HttpServlet.java:658)
	at org.apache.catalina.core.ApplicationFilterChain.internalDoFilter(ApplicationFilterChain.java:195)
	at org.apache.catalina.core.ApplicationFilterChain.doFilter(ApplicationFilterChain.java:140)
	at org.apache.tomcat.websocket.server.WsFilter.doFilter(WsFilter.java:51)
	at org.apache.catalina.core.ApplicationFilterChain.internalDoFilter(ApplicationFilterChain.java:164)
	at org.apache.catalina.core.ApplicationFilterChain.doFilter(ApplicationFilterChain.java:140)
	at org.springframework.web.filter.RequestContextFilter.doFilterInternal(RequestContextFilter.java:100)
	at org.springframework.web.filter.OncePerRequestFilter.doFilter(OncePerRequestFilter.java:116)
	at org.apache.catalina.core.ApplicationFilterChain.internalDoFilter(ApplicationFilterChain.java:164)
	at org.apache.catalina.core.ApplicationFilterChain.doFilter(ApplicationFilterChain.java:140)
	at org.springframework.web.filter.FormContentFilter.doFilterInternal(FormContentFilter.java:93)
	at org.springframework.web.filter.OncePerRequestFilter.doFilter(OncePerRequestFilter.java:116)
	at org.apache.catalina.core.ApplicationFilterChain.internalDoFilter(ApplicationFilterChain.java:164)
	at org.apache.catalina.core.ApplicationFilterChain.doFilter(ApplicationFilterChain.java:140)
	at org.springframework.web.filter.CharacterEncodingFilter.doFilterInternal(CharacterEncodingFilter.java:201)
	at org.springframework.web.filter.OncePerRequestFilter.doFilter(OncePerRequestFilter.java:116)
	at org.apache.catalina.core.ApplicationFilterChain.internalDoFilter(ApplicationFilterChain.java:164)
	at org.apache.catalina.core.ApplicationFilterChain.doFilter(ApplicationFilterChain.java:140)
	at org.apache.catalina.core.StandardWrapperValve.invoke(StandardWrapperValve.java:167)
	at org.apache.catalina.core.StandardContextValve.invoke(StandardContextValve.java:90)
	at org.apache.catalina.authenticator.AuthenticatorBase.invoke(AuthenticatorBase.java:483)
	at org.apache.catalina.core.StandardHostValve.invoke(StandardHostValve.java:115)
	at org.apache.catalina.valves.ErrorReportValve.invoke(ErrorReportValve.java:93)
	at org.apache.catalina.core.StandardEngineValve.invoke(StandardEngineValve.java:74)
	at org.apache.catalina.connector.CoyoteAdapter.service(CoyoteAdapter.java:344)
	at org.apache.coyote.http11.Http11Processor.service(Http11Processor.java:397)
	at org.apache.coyote.AbstractProcessorLight.process(AbstractProcessorLight.java:63)
	at org.apache.coyote.AbstractProtocol$ConnectionHandler.process(AbstractProtocol.java:905)
	at org.apache.tomcat.util.net.NioEndpoint$SocketProcessor.doRun(NioEndpoint.java:1743)
	at org.apache.tomcat.util.net.SocketProcessorBase.run(SocketProcessorBase.java:52)
	at org.apache.tomcat.util.threads.ThreadPoolExecutor.runWorker(ThreadPoolExecutor.java:1190)
	at org.apache.tomcat.util.threads.ThreadPoolExecutor$Worker.run(ThreadPoolExecutor.java:659)
	at org.apache.tomcat.util.threads.TaskThread$WrappingRunnable.run(TaskThread.java:63)
	at java.base/java.lang.Thread.run(Thread.java:1583)
Caused by: java.sql.SQLIntegrityConstraintViolationException: Column 'name' cannot be null
	at com.mysql.cj.jdbc.exceptions.SQLError.createSQLException(SQLError.java:109)
	at com.mysql.cj.jdbc.exceptions.SQLExceptionsMapping.translateException(SQLExceptionsMapping.java:114)
	at com.mysql.cj.jdbc.ClientPreparedStatement.executeInternal(ClientPreparedStatement.java:988)
	at com.mysql.cj.jdbc.ClientPreparedStatement.execute(ClientPreparedStatement.java:382)
	at com.zaxxer.hikari.pool.ProxyPreparedStatement.execute(ProxyPreparedStatement.java:44)
	at com.zaxxer.hikari.pool.HikariProxyPreparedStatement.execute(HikariProxyPreparedStatement.java)
	at java.base/jdk.internal.reflect.DirectMethodHandleAccessor.invoke(DirectMethodHandleAccessor.java:103)
	at java.base/java.lang.reflect.Method.invoke(Method.java:580)
	at org.apache.ibatis.logging.jdbc.PreparedStatementLogger.invoke(PreparedStatementLogger.java:58)
	at jdk.proxy3/jdk.proxy3.$Proxy81.execute(Unknown Source)
	at org.apache.ibatis.executor.statement.PreparedStatementHandler.update(PreparedStatementHandler.java:48)
	at org.apache.ibatis.executor.statement.RoutingStatementHandler.update(RoutingStatementHandler.java:75)
	at org.apache.ibatis.executor.SimpleExecutor.doUpdate(SimpleExecutor.java:50)
	at org.apache.ibatis.executor.BaseExecutor.update(BaseExecutor.java:117)
	at org.apache.ibatis.executor.CachingExecutor.update(CachingExecutor.java:76)
	at java.base/jdk.internal.reflect.DirectMethodHandleAccessor.invoke(DirectMethodHandleAccessor.java:103)
	at java.base/java.lang.reflect.Method.invoke(Method.java:580)
	at org.apache.ibatis.plugin.Plugin.invoke(Plugin.java:61)
	at jdk.proxy2/jdk.proxy2.$Proxy79.update(Unknown Source)
	at org.apache.ibatis.session.defaults.DefaultSqlSession.update(DefaultSqlSession.java:197)
	at org.apache.ibatis.session.defaults.DefaultSqlSession.insert(DefaultSqlSession.java:184)
	at java.base/jdk.internal.reflect.DirectMethodHandleAccessor.invoke(DirectMethodHandleAccessor.java:103)
	at java.base/java.lang.reflect.Method.invoke(Method.java:580)
	at org.mybatis.spring.SqlSessionTemplate$SqlSessionInterceptor.invoke(SqlSessionTemplate.java:333)
	... 56 common frames omitted
2025-03-06 22:27:02.492 [http-nio-8080-exec-2] ERROR c.e.basicproject.config.GlobalExceptionConfig - runtimeExceptionHandler:
### Error updating database.  Cause: java.sql.SQLIntegrityConstraintViolationException: Column 'name' cannot be null
### The error may exist in file [E:\project\basicProject\target\classes\mapper\UserDao.xml]
### The error may involve com.example.basicproject.dao.UserDao.insert-Inline
### The error occurred while setting parameters
### SQL: insert into user (employee_id, `password`, `name`,        gender, avatar, email,        department_id, `status`, create_time,        edit_time, creator, editor)     values (?, ?, ?,        ?, ?, ?,       ?, ?, ?,        ?, ?, ?)
### Cause: java.sql.SQLIntegrityConstraintViolationException: Column 'name' cannot be null
; Column 'name' cannot be null
org.springframework.dao.DataIntegrityViolationException: 
### Error updating database.  Cause: java.sql.SQLIntegrityConstraintViolationException: Column 'name' cannot be null
### The error may exist in file [E:\project\basicProject\target\classes\mapper\UserDao.xml]
### The error may involve com.example.basicproject.dao.UserDao.insert-Inline
### The error occurred while setting parameters
### SQL: insert into user (employee_id, `password`, `name`,        gender, avatar, email,        department_id, `status`, create_time,        edit_time, creator, editor)     values (?, ?, ?,        ?, ?, ?,       ?, ?, ?,        ?, ?, ?)
### Cause: java.sql.SQLIntegrityConstraintViolationException: Column 'name' cannot be null
; Column 'name' cannot be null
	at org.springframework.jdbc.support.SQLExceptionSubclassTranslator.doTranslate(SQLExceptionSubclassTranslator.java:97)
	at org.springframework.jdbc.support.AbstractFallbackSQLExceptionTranslator.translate(AbstractFallbackSQLExceptionTranslator.java:107)
	at org.springframework.jdbc.support.AbstractFallbackSQLExceptionTranslator.translate(AbstractFallbackSQLExceptionTranslator.java:116)
	at org.mybatis.spring.MyBatisExceptionTranslator.translateExceptionIfPossible(MyBatisExceptionTranslator.java:93)
	at org.mybatis.spring.SqlSessionTemplate$SqlSessionInterceptor.invoke(SqlSessionTemplate.java:347)
	at jdk.proxy2/jdk.proxy2.$Proxy67.insert(Unknown Source)
	at org.mybatis.spring.SqlSessionTemplate.insert(SqlSessionTemplate.java:224)
	at org.apache.ibatis.binding.MapperMethod.execute(MapperMethod.java:62)
	at org.apache.ibatis.binding.MapperProxy$PlainMethodInvoker.invoke(MapperProxy.java:141)
	at org.apache.ibatis.binding.MapperProxy.invoke(MapperProxy.java:86)
	at jdk.proxy2/jdk.proxy2.$Proxy68.insert(Unknown Source)
	at com.example.basicproject.service.impl.UserServiceImpl.register(UserServiceImpl.java:47)
	at com.example.basicproject.controller.user.UserController.register(UserController.java:42)
	at java.base/jdk.internal.reflect.DirectMethodHandleAccessor.invoke(DirectMethodHandleAccessor.java:103)
	at java.base/java.lang.reflect.Method.invoke(Method.java:580)
	at org.springframework.web.method.support.InvocableHandlerMethod.doInvoke(InvocableHandlerMethod.java:257)
	at org.springframework.web.method.support.InvocableHandlerMethod.invokeForRequest(InvocableHandlerMethod.java:190)
	at org.springframework.web.servlet.mvc.method.annotation.ServletInvocableHandlerMethod.invokeAndHandle(ServletInvocableHandlerMethod.java:118)
	at org.springframework.web.servlet.mvc.method.annotation.RequestMappingHandlerAdapter.invokeHandlerMethod(RequestMappingHandlerAdapter.java:986)
	at org.springframework.web.servlet.mvc.method.annotation.RequestMappingHandlerAdapter.handleInternal(RequestMappingHandlerAdapter.java:891)
	at org.springframework.web.servlet.mvc.method.AbstractHandlerMethodAdapter.handle(AbstractHandlerMethodAdapter.java:87)
	at org.springframework.web.servlet.DispatcherServlet.doDispatch(DispatcherServlet.java:1088)
	at org.springframework.web.servlet.DispatcherServlet.doService(DispatcherServlet.java:978)
	at org.springframework.web.servlet.FrameworkServlet.processRequest(FrameworkServlet.java:1014)
	at org.springframework.web.servlet.FrameworkServlet.doPost(FrameworkServlet.java:914)
	at jakarta.servlet.http.HttpServlet.service(HttpServlet.java:590)
	at org.springframework.web.servlet.FrameworkServlet.service(FrameworkServlet.java:885)
	at jakarta.servlet.http.HttpServlet.service(HttpServlet.java:658)
	at org.apache.catalina.core.ApplicationFilterChain.internalDoFilter(ApplicationFilterChain.java:195)
	at org.apache.catalina.core.ApplicationFilterChain.doFilter(ApplicationFilterChain.java:140)
	at org.apache.tomcat.websocket.server.WsFilter.doFilter(WsFilter.java:51)
	at org.apache.catalina.core.ApplicationFilterChain.internalDoFilter(ApplicationFilterChain.java:164)
	at org.apache.catalina.core.ApplicationFilterChain.doFilter(ApplicationFilterChain.java:140)
	at org.springframework.web.filter.RequestContextFilter.doFilterInternal(RequestContextFilter.java:100)
	at org.springframework.web.filter.OncePerRequestFilter.doFilter(OncePerRequestFilter.java:116)
	at org.apache.catalina.core.ApplicationFilterChain.internalDoFilter(ApplicationFilterChain.java:164)
	at org.apache.catalina.core.ApplicationFilterChain.doFilter(ApplicationFilterChain.java:140)
	at org.springframework.web.filter.FormContentFilter.doFilterInternal(FormContentFilter.java:93)
	at org.springframework.web.filter.OncePerRequestFilter.doFilter(OncePerRequestFilter.java:116)
	at org.apache.catalina.core.ApplicationFilterChain.internalDoFilter(ApplicationFilterChain.java:164)
	at org.apache.catalina.core.ApplicationFilterChain.doFilter(ApplicationFilterChain.java:140)
	at org.springframework.web.filter.CharacterEncodingFilter.doFilterInternal(CharacterEncodingFilter.java:201)
	at org.springframework.web.filter.OncePerRequestFilter.doFilter(OncePerRequestFilter.java:116)
	at org.apache.catalina.core.ApplicationFilterChain.internalDoFilter(ApplicationFilterChain.java:164)
	at org.apache.catalina.core.ApplicationFilterChain.doFilter(ApplicationFilterChain.java:140)
	at org.apache.catalina.core.StandardWrapperValve.invoke(StandardWrapperValve.java:167)
	at org.apache.catalina.core.StandardContextValve.invoke(StandardContextValve.java:90)
	at org.apache.catalina.authenticator.AuthenticatorBase.invoke(AuthenticatorBase.java:483)
	at org.apache.catalina.core.StandardHostValve.invoke(StandardHostValve.java:115)
	at org.apache.catalina.valves.ErrorReportValve.invoke(ErrorReportValve.java:93)
	at org.apache.catalina.core.StandardEngineValve.invoke(StandardEngineValve.java:74)
	at org.apache.catalina.connector.CoyoteAdapter.service(CoyoteAdapter.java:344)
	at org.apache.coyote.http11.Http11Processor.service(Http11Processor.java:397)
	at org.apache.coyote.AbstractProcessorLight.process(AbstractProcessorLight.java:63)
	at org.apache.coyote.AbstractProtocol$ConnectionHandler.process(AbstractProtocol.java:905)
	at org.apache.tomcat.util.net.NioEndpoint$SocketProcessor.doRun(NioEndpoint.java:1743)
	at org.apache.tomcat.util.net.SocketProcessorBase.run(SocketProcessorBase.java:52)
	at org.apache.tomcat.util.threads.ThreadPoolExecutor.runWorker(ThreadPoolExecutor.java:1190)
	at org.apache.tomcat.util.threads.ThreadPoolExecutor$Worker.run(ThreadPoolExecutor.java:659)
	at org.apache.tomcat.util.threads.TaskThread$WrappingRunnable.run(TaskThread.java:63)
	at java.base/java.lang.Thread.run(Thread.java:1583)
Caused by: java.sql.SQLIntegrityConstraintViolationException: Column 'name' cannot be null
	at com.mysql.cj.jdbc.exceptions.SQLError.createSQLException(SQLError.java:109)
	at com.mysql.cj.jdbc.exceptions.SQLExceptionsMapping.translateException(SQLExceptionsMapping.java:114)
	at com.mysql.cj.jdbc.ClientPreparedStatement.executeInternal(ClientPreparedStatement.java:988)
	at com.mysql.cj.jdbc.ClientPreparedStatement.execute(ClientPreparedStatement.java:382)
	at com.zaxxer.hikari.pool.ProxyPreparedStatement.execute(ProxyPreparedStatement.java:44)
	at com.zaxxer.hikari.pool.HikariProxyPreparedStatement.execute(HikariProxyPreparedStatement.java)
	at java.base/jdk.internal.reflect.DirectMethodHandleAccessor.invoke(DirectMethodHandleAccessor.java:103)
	at java.base/java.lang.reflect.Method.invoke(Method.java:580)
	at org.apache.ibatis.logging.jdbc.PreparedStatementLogger.invoke(PreparedStatementLogger.java:58)
	at jdk.proxy3/jdk.proxy3.$Proxy81.execute(Unknown Source)
	at org.apache.ibatis.executor.statement.PreparedStatementHandler.update(PreparedStatementHandler.java:48)
	at org.apache.ibatis.executor.statement.RoutingStatementHandler.update(RoutingStatementHandler.java:75)
	at org.apache.ibatis.executor.SimpleExecutor.doUpdate(SimpleExecutor.java:50)
	at org.apache.ibatis.executor.BaseExecutor.update(BaseExecutor.java:117)
	at org.apache.ibatis.executor.CachingExecutor.update(CachingExecutor.java:76)
	at java.base/jdk.internal.reflect.DirectMethodHandleAccessor.invoke(DirectMethodHandleAccessor.java:103)
	at java.base/java.lang.reflect.Method.invoke(Method.java:580)
	at org.apache.ibatis.plugin.Plugin.invoke(Plugin.java:61)
	at jdk.proxy2/jdk.proxy2.$Proxy79.update(Unknown Source)
	at org.apache.ibatis.session.defaults.DefaultSqlSession.update(DefaultSqlSession.java:197)
	at org.apache.ibatis.session.defaults.DefaultSqlSession.insert(DefaultSqlSession.java:184)
	at java.base/jdk.internal.reflect.DirectMethodHandleAccessor.invoke(DirectMethodHandleAccessor.java:103)
	at java.base/java.lang.reflect.Method.invoke(Method.java:580)
	at org.mybatis.spring.SqlSessionTemplate$SqlSessionInterceptor.invoke(SqlSessionTemplate.java:333)
	... 56 common frames omitted
2025-03-06 22:27:05.233 [SpringApplicationShutdownHook] INFO  o.s.boot.web.embedded.tomcat.GracefulShutdown - Commencing graceful shutdown. Waiting for active requests to complete
2025-03-06 22:27:05.238 [tomcat-shutdown] INFO  o.s.boot.web.embedded.tomcat.GracefulShutdown - Graceful shutdown complete
2025-03-06 22:27:05.241 [SpringApplicationShutdownHook] INFO  com.zaxxer.hikari.HikariDataSource - hikari - Shutdown initiated...
2025-03-06 22:27:05.248 [SpringApplicationShutdownHook] INFO  com.zaxxer.hikari.HikariDataSource - hikari - Shutdown completed.
2025-03-06 22:27:07.691 [background-preinit] INFO  org.hibernate.validator.internal.util.Version - HV000001: Hibernate Validator 8.0.2.Final
2025-03-06 22:27:07.725 [main] INFO  com.example.basicproject.BasicProjectApplication - Starting BasicProjectApplication using Java 21.0.6 with PID 20512 (E:\project\basicProject\target\classes started by Diao YuHang in E:\project\basicProject)
2025-03-06 22:27:07.726 [main] INFO  com.example.basicproject.BasicProjectApplication - No active profile set, falling back to 1 default profile: "default"
2025-03-06 22:27:08.447 [main] INFO  o.s.boot.web.embedded.tomcat.TomcatWebServer - Tomcat initialized with port 8080 (http)
2025-03-06 22:27:08.457 [main] INFO  org.apache.coyote.http11.Http11NioProtocol - Initializing ProtocolHandler ["http-nio-8080"]
2025-03-06 22:27:08.458 [main] INFO  org.apache.catalina.core.StandardService - Starting service [Tomcat]
2025-03-06 22:27:08.458 [main] INFO  org.apache.catalina.core.StandardEngine - Starting Servlet engine: [Apache Tomcat/10.1.36]
2025-03-06 22:27:08.490 [main] INFO  o.a.c.c.ContainerBase.[Tomcat].[localhost].[/bp] - Initializing Spring embedded WebApplicationContext
2025-03-06 22:27:08.490 [main] INFO  o.s.b.w.s.c.ServletWebServerApplicationContext - Root WebApplicationContext: initialization completed in 731 ms
2025-03-06 22:27:09.023 [main] INFO  org.apache.coyote.http11.Http11NioProtocol - Starting ProtocolHandler ["http-nio-8080"]
2025-03-06 22:27:09.037 [main] INFO  o.s.boot.web.embedded.tomcat.TomcatWebServer - Tomcat started on port 8080 (http) with context path '/bp'
2025-03-06 22:27:09.042 [main] INFO  com.example.basicproject.BasicProjectApplication - Started BasicProjectApplication in 1.613 seconds (process running for 2.216)
2025-03-06 22:27:11.801 [http-nio-8080-exec-1] INFO  o.a.c.c.ContainerBase.[Tomcat].[localhost].[/bp] - Initializing Spring DispatcherServlet 'dispatcherServlet'
2025-03-06 22:27:11.801 [http-nio-8080-exec-1] INFO  org.springframework.web.servlet.DispatcherServlet - Initializing Servlet 'dispatcherServlet'
2025-03-06 22:27:11.802 [http-nio-8080-exec-1] INFO  org.springframework.web.servlet.DispatcherServlet - Completed initialization in 1 ms
2025-03-06 22:27:11.891 [http-nio-8080-exec-1] INFO  com.zaxxer.hikari.HikariDataSource - hikari - Starting...
2025-03-06 22:27:12.021 [http-nio-8080-exec-1] INFO  com.zaxxer.hikari.pool.HikariPool - hikari - Added connection com.mysql.cj.jdbc.ConnectionImpl@42e51d73
2025-03-06 22:27:12.022 [http-nio-8080-exec-1] INFO  com.zaxxer.hikari.HikariDataSource - hikari - Start completed.
2025-03-06 22:27:12.448 [http-nio-8080-exec-1] ERROR c.e.basicproject.config.GlobalExceptionConfig - runtimeExceptionHandler:
### Error updating database.  Cause: java.sql.SQLIntegrityConstraintViolationException: Column 'avatar' cannot be null
### The error may exist in file [E:\project\basicProject\target\classes\mapper\UserDao.xml]
### The error may involve com.example.basicproject.dao.UserDao.insert-Inline
### The error occurred while setting parameters
### SQL: insert into user (employee_id, `password`, `name`,        gender, avatar, email,        department_id, `status`, create_time,        edit_time, creator, editor)     values (?, ?, ?,        ?, ?, ?,       ?, ?, ?,        ?, ?, ?)
### Cause: java.sql.SQLIntegrityConstraintViolationException: Column 'avatar' cannot be null
; Column 'avatar' cannot be null
org.springframework.dao.DataIntegrityViolationException: 
### Error updating database.  Cause: java.sql.SQLIntegrityConstraintViolationException: Column 'avatar' cannot be null
### The error may exist in file [E:\project\basicProject\target\classes\mapper\UserDao.xml]
### The error may involve com.example.basicproject.dao.UserDao.insert-Inline
### The error occurred while setting parameters
### SQL: insert into user (employee_id, `password`, `name`,        gender, avatar, email,        department_id, `status`, create_time,        edit_time, creator, editor)     values (?, ?, ?,        ?, ?, ?,       ?, ?, ?,        ?, ?, ?)
### Cause: java.sql.SQLIntegrityConstraintViolationException: Column 'avatar' cannot be null
; Column 'avatar' cannot be null
	at org.springframework.jdbc.support.SQLExceptionSubclassTranslator.doTranslate(SQLExceptionSubclassTranslator.java:97)
	at org.springframework.jdbc.support.AbstractFallbackSQLExceptionTranslator.translate(AbstractFallbackSQLExceptionTranslator.java:107)
	at org.springframework.jdbc.support.AbstractFallbackSQLExceptionTranslator.translate(AbstractFallbackSQLExceptionTranslator.java:116)
	at org.mybatis.spring.MyBatisExceptionTranslator.translateExceptionIfPossible(MyBatisExceptionTranslator.java:93)
	at org.mybatis.spring.SqlSessionTemplate$SqlSessionInterceptor.invoke(SqlSessionTemplate.java:347)
	at jdk.proxy2/jdk.proxy2.$Proxy67.insert(Unknown Source)
	at org.mybatis.spring.SqlSessionTemplate.insert(SqlSessionTemplate.java:224)
	at org.apache.ibatis.binding.MapperMethod.execute(MapperMethod.java:62)
	at org.apache.ibatis.binding.MapperProxy$PlainMethodInvoker.invoke(MapperProxy.java:141)
	at org.apache.ibatis.binding.MapperProxy.invoke(MapperProxy.java:86)
	at jdk.proxy2/jdk.proxy2.$Proxy68.insert(Unknown Source)
	at com.example.basicproject.service.impl.UserServiceImpl.register(UserServiceImpl.java:47)
	at com.example.basicproject.controller.user.UserController.register(UserController.java:42)
	at java.base/jdk.internal.reflect.DirectMethodHandleAccessor.invoke(DirectMethodHandleAccessor.java:103)
	at java.base/java.lang.reflect.Method.invoke(Method.java:580)
	at org.springframework.web.method.support.InvocableHandlerMethod.doInvoke(InvocableHandlerMethod.java:257)
	at org.springframework.web.method.support.InvocableHandlerMethod.invokeForRequest(InvocableHandlerMethod.java:190)
	at org.springframework.web.servlet.mvc.method.annotation.ServletInvocableHandlerMethod.invokeAndHandle(ServletInvocableHandlerMethod.java:118)
	at org.springframework.web.servlet.mvc.method.annotation.RequestMappingHandlerAdapter.invokeHandlerMethod(RequestMappingHandlerAdapter.java:986)
	at org.springframework.web.servlet.mvc.method.annotation.RequestMappingHandlerAdapter.handleInternal(RequestMappingHandlerAdapter.java:891)
	at org.springframework.web.servlet.mvc.method.AbstractHandlerMethodAdapter.handle(AbstractHandlerMethodAdapter.java:87)
	at org.springframework.web.servlet.DispatcherServlet.doDispatch(DispatcherServlet.java:1088)
	at org.springframework.web.servlet.DispatcherServlet.doService(DispatcherServlet.java:978)
	at org.springframework.web.servlet.FrameworkServlet.processRequest(FrameworkServlet.java:1014)
	at org.springframework.web.servlet.FrameworkServlet.doPost(FrameworkServlet.java:914)
	at jakarta.servlet.http.HttpServlet.service(HttpServlet.java:590)
	at org.springframework.web.servlet.FrameworkServlet.service(FrameworkServlet.java:885)
	at jakarta.servlet.http.HttpServlet.service(HttpServlet.java:658)
	at org.apache.catalina.core.ApplicationFilterChain.internalDoFilter(ApplicationFilterChain.java:195)
	at org.apache.catalina.core.ApplicationFilterChain.doFilter(ApplicationFilterChain.java:140)
	at org.apache.tomcat.websocket.server.WsFilter.doFilter(WsFilter.java:51)
	at org.apache.catalina.core.ApplicationFilterChain.internalDoFilter(ApplicationFilterChain.java:164)
	at org.apache.catalina.core.ApplicationFilterChain.doFilter(ApplicationFilterChain.java:140)
	at org.springframework.web.filter.RequestContextFilter.doFilterInternal(RequestContextFilter.java:100)
	at org.springframework.web.filter.OncePerRequestFilter.doFilter(OncePerRequestFilter.java:116)
	at org.apache.catalina.core.ApplicationFilterChain.internalDoFilter(ApplicationFilterChain.java:164)
	at org.apache.catalina.core.ApplicationFilterChain.doFilter(ApplicationFilterChain.java:140)
	at org.springframework.web.filter.FormContentFilter.doFilterInternal(FormContentFilter.java:93)
	at org.springframework.web.filter.OncePerRequestFilter.doFilter(OncePerRequestFilter.java:116)
	at org.apache.catalina.core.ApplicationFilterChain.internalDoFilter(ApplicationFilterChain.java:164)
	at org.apache.catalina.core.ApplicationFilterChain.doFilter(ApplicationFilterChain.java:140)
	at org.springframework.web.filter.CharacterEncodingFilter.doFilterInternal(CharacterEncodingFilter.java:201)
	at org.springframework.web.filter.OncePerRequestFilter.doFilter(OncePerRequestFilter.java:116)
	at org.apache.catalina.core.ApplicationFilterChain.internalDoFilter(ApplicationFilterChain.java:164)
	at org.apache.catalina.core.ApplicationFilterChain.doFilter(ApplicationFilterChain.java:140)
	at org.apache.catalina.core.StandardWrapperValve.invoke(StandardWrapperValve.java:167)
	at org.apache.catalina.core.StandardContextValve.invoke(StandardContextValve.java:90)
	at org.apache.catalina.authenticator.AuthenticatorBase.invoke(AuthenticatorBase.java:483)
	at org.apache.catalina.core.StandardHostValve.invoke(StandardHostValve.java:115)
	at org.apache.catalina.valves.ErrorReportValve.invoke(ErrorReportValve.java:93)
	at org.apache.catalina.core.StandardEngineValve.invoke(StandardEngineValve.java:74)
	at org.apache.catalina.connector.CoyoteAdapter.service(CoyoteAdapter.java:344)
	at org.apache.coyote.http11.Http11Processor.service(Http11Processor.java:397)
	at org.apache.coyote.AbstractProcessorLight.process(AbstractProcessorLight.java:63)
	at org.apache.coyote.AbstractProtocol$ConnectionHandler.process(AbstractProtocol.java:905)
	at org.apache.tomcat.util.net.NioEndpoint$SocketProcessor.doRun(NioEndpoint.java:1743)
	at org.apache.tomcat.util.net.SocketProcessorBase.run(SocketProcessorBase.java:52)
	at org.apache.tomcat.util.threads.ThreadPoolExecutor.runWorker(ThreadPoolExecutor.java:1190)
	at org.apache.tomcat.util.threads.ThreadPoolExecutor$Worker.run(ThreadPoolExecutor.java:659)
	at org.apache.tomcat.util.threads.TaskThread$WrappingRunnable.run(TaskThread.java:63)
	at java.base/java.lang.Thread.run(Thread.java:1583)
Caused by: java.sql.SQLIntegrityConstraintViolationException: Column 'avatar' cannot be null
	at com.mysql.cj.jdbc.exceptions.SQLError.createSQLException(SQLError.java:109)
	at com.mysql.cj.jdbc.exceptions.SQLExceptionsMapping.translateException(SQLExceptionsMapping.java:114)
	at com.mysql.cj.jdbc.ClientPreparedStatement.executeInternal(ClientPreparedStatement.java:988)
	at com.mysql.cj.jdbc.ClientPreparedStatement.execute(ClientPreparedStatement.java:382)
	at com.zaxxer.hikari.pool.ProxyPreparedStatement.execute(ProxyPreparedStatement.java:44)
	at com.zaxxer.hikari.pool.HikariProxyPreparedStatement.execute(HikariProxyPreparedStatement.java)
	at java.base/jdk.internal.reflect.DirectMethodHandleAccessor.invoke(DirectMethodHandleAccessor.java:103)
	at java.base/java.lang.reflect.Method.invoke(Method.java:580)
	at org.apache.ibatis.logging.jdbc.PreparedStatementLogger.invoke(PreparedStatementLogger.java:58)
	at jdk.proxy3/jdk.proxy3.$Proxy81.execute(Unknown Source)
	at org.apache.ibatis.executor.statement.PreparedStatementHandler.update(PreparedStatementHandler.java:48)
	at org.apache.ibatis.executor.statement.RoutingStatementHandler.update(RoutingStatementHandler.java:75)
	at org.apache.ibatis.executor.SimpleExecutor.doUpdate(SimpleExecutor.java:50)
	at org.apache.ibatis.executor.BaseExecutor.update(BaseExecutor.java:117)
	at org.apache.ibatis.executor.CachingExecutor.update(CachingExecutor.java:76)
	at java.base/jdk.internal.reflect.DirectMethodHandleAccessor.invoke(DirectMethodHandleAccessor.java:103)
	at java.base/java.lang.reflect.Method.invoke(Method.java:580)
	at org.apache.ibatis.plugin.Plugin.invoke(Plugin.java:61)
	at jdk.proxy2/jdk.proxy2.$Proxy79.update(Unknown Source)
	at org.apache.ibatis.session.defaults.DefaultSqlSession.update(DefaultSqlSession.java:197)
	at org.apache.ibatis.session.defaults.DefaultSqlSession.insert(DefaultSqlSession.java:184)
	at java.base/jdk.internal.reflect.DirectMethodHandleAccessor.invoke(DirectMethodHandleAccessor.java:103)
	at java.base/java.lang.reflect.Method.invoke(Method.java:580)
	at org.mybatis.spring.SqlSessionTemplate$SqlSessionInterceptor.invoke(SqlSessionTemplate.java:333)
	... 56 common frames omitted
2025-03-06 22:27:38.572 [http-nio-8080-exec-3] ERROR c.e.basicproject.config.GlobalExceptionConfig - runtimeExceptionHandler:
### Error updating database.  Cause: java.sql.SQLIntegrityConstraintViolationException: Column 'avatar' cannot be null
### The error may exist in file [E:\project\basicProject\target\classes\mapper\UserDao.xml]
### The error may involve com.example.basicproject.dao.UserDao.insert-Inline
### The error occurred while setting parameters
### SQL: insert into user (employee_id, `password`, `name`,        gender, avatar, email,        department_id, `status`, create_time,        edit_time, creator, editor)     values (?, ?, ?,        ?, ?, ?,       ?, ?, ?,        ?, ?, ?)
### Cause: java.sql.SQLIntegrityConstraintViolationException: Column 'avatar' cannot be null
; Column 'avatar' cannot be null
org.springframework.dao.DataIntegrityViolationException: 
### Error updating database.  Cause: java.sql.SQLIntegrityConstraintViolationException: Column 'avatar' cannot be null
### The error may exist in file [E:\project\basicProject\target\classes\mapper\UserDao.xml]
### The error may involve com.example.basicproject.dao.UserDao.insert-Inline
### The error occurred while setting parameters
### SQL: insert into user (employee_id, `password`, `name`,        gender, avatar, email,        department_id, `status`, create_time,        edit_time, creator, editor)     values (?, ?, ?,        ?, ?, ?,       ?, ?, ?,        ?, ?, ?)
### Cause: java.sql.SQLIntegrityConstraintViolationException: Column 'avatar' cannot be null
; Column 'avatar' cannot be null
	at org.springframework.jdbc.support.SQLExceptionSubclassTranslator.doTranslate(SQLExceptionSubclassTranslator.java:97)
	at org.springframework.jdbc.support.AbstractFallbackSQLExceptionTranslator.translate(AbstractFallbackSQLExceptionTranslator.java:107)
	at org.springframework.jdbc.support.AbstractFallbackSQLExceptionTranslator.translate(AbstractFallbackSQLExceptionTranslator.java:116)
	at org.mybatis.spring.MyBatisExceptionTranslator.translateExceptionIfPossible(MyBatisExceptionTranslator.java:93)
	at org.mybatis.spring.SqlSessionTemplate$SqlSessionInterceptor.invoke(SqlSessionTemplate.java:347)
	at jdk.proxy2/jdk.proxy2.$Proxy67.insert(Unknown Source)
	at org.mybatis.spring.SqlSessionTemplate.insert(SqlSessionTemplate.java:224)
	at org.apache.ibatis.binding.MapperMethod.execute(MapperMethod.java:62)
	at org.apache.ibatis.binding.MapperProxy$PlainMethodInvoker.invoke(MapperProxy.java:141)
	at org.apache.ibatis.binding.MapperProxy.invoke(MapperProxy.java:86)
	at jdk.proxy2/jdk.proxy2.$Proxy68.insert(Unknown Source)
	at com.example.basicproject.service.impl.UserServiceImpl.register(UserServiceImpl.java:47)
	at com.example.basicproject.controller.user.UserController.register(UserController.java:42)
	at java.base/jdk.internal.reflect.DirectMethodHandleAccessor.invoke(DirectMethodHandleAccessor.java:103)
	at java.base/java.lang.reflect.Method.invoke(Method.java:580)
	at org.springframework.web.method.support.InvocableHandlerMethod.doInvoke(InvocableHandlerMethod.java:257)
	at org.springframework.web.method.support.InvocableHandlerMethod.invokeForRequest(InvocableHandlerMethod.java:190)
	at org.springframework.web.servlet.mvc.method.annotation.ServletInvocableHandlerMethod.invokeAndHandle(ServletInvocableHandlerMethod.java:118)
	at org.springframework.web.servlet.mvc.method.annotation.RequestMappingHandlerAdapter.invokeHandlerMethod(RequestMappingHandlerAdapter.java:986)
	at org.springframework.web.servlet.mvc.method.annotation.RequestMappingHandlerAdapter.handleInternal(RequestMappingHandlerAdapter.java:891)
	at org.springframework.web.servlet.mvc.method.AbstractHandlerMethodAdapter.handle(AbstractHandlerMethodAdapter.java:87)
	at org.springframework.web.servlet.DispatcherServlet.doDispatch(DispatcherServlet.java:1088)
	at org.springframework.web.servlet.DispatcherServlet.doService(DispatcherServlet.java:978)
	at org.springframework.web.servlet.FrameworkServlet.processRequest(FrameworkServlet.java:1014)
	at org.springframework.web.servlet.FrameworkServlet.doPost(FrameworkServlet.java:914)
	at jakarta.servlet.http.HttpServlet.service(HttpServlet.java:590)
	at org.springframework.web.servlet.FrameworkServlet.service(FrameworkServlet.java:885)
	at jakarta.servlet.http.HttpServlet.service(HttpServlet.java:658)
	at org.apache.catalina.core.ApplicationFilterChain.internalDoFilter(ApplicationFilterChain.java:195)
	at org.apache.catalina.core.ApplicationFilterChain.doFilter(ApplicationFilterChain.java:140)
	at org.apache.tomcat.websocket.server.WsFilter.doFilter(WsFilter.java:51)
	at org.apache.catalina.core.ApplicationFilterChain.internalDoFilter(ApplicationFilterChain.java:164)
	at org.apache.catalina.core.ApplicationFilterChain.doFilter(ApplicationFilterChain.java:140)
	at org.springframework.web.filter.RequestContextFilter.doFilterInternal(RequestContextFilter.java:100)
	at org.springframework.web.filter.OncePerRequestFilter.doFilter(OncePerRequestFilter.java:116)
	at org.apache.catalina.core.ApplicationFilterChain.internalDoFilter(ApplicationFilterChain.java:164)
	at org.apache.catalina.core.ApplicationFilterChain.doFilter(ApplicationFilterChain.java:140)
	at org.springframework.web.filter.FormContentFilter.doFilterInternal(FormContentFilter.java:93)
	at org.springframework.web.filter.OncePerRequestFilter.doFilter(OncePerRequestFilter.java:116)
	at org.apache.catalina.core.ApplicationFilterChain.internalDoFilter(ApplicationFilterChain.java:164)
	at org.apache.catalina.core.ApplicationFilterChain.doFilter(ApplicationFilterChain.java:140)
	at org.springframework.web.filter.CharacterEncodingFilter.doFilterInternal(CharacterEncodingFilter.java:201)
	at org.springframework.web.filter.OncePerRequestFilter.doFilter(OncePerRequestFilter.java:116)
	at org.apache.catalina.core.ApplicationFilterChain.internalDoFilter(ApplicationFilterChain.java:164)
	at org.apache.catalina.core.ApplicationFilterChain.doFilter(ApplicationFilterChain.java:140)
	at org.apache.catalina.core.StandardWrapperValve.invoke(StandardWrapperValve.java:167)
	at org.apache.catalina.core.StandardContextValve.invoke(StandardContextValve.java:90)
	at org.apache.catalina.authenticator.AuthenticatorBase.invoke(AuthenticatorBase.java:483)
	at org.apache.catalina.core.StandardHostValve.invoke(StandardHostValve.java:115)
	at org.apache.catalina.valves.ErrorReportValve.invoke(ErrorReportValve.java:93)
	at org.apache.catalina.core.StandardEngineValve.invoke(StandardEngineValve.java:74)
	at org.apache.catalina.connector.CoyoteAdapter.service(CoyoteAdapter.java:344)
	at org.apache.coyote.http11.Http11Processor.service(Http11Processor.java:397)
	at org.apache.coyote.AbstractProcessorLight.process(AbstractProcessorLight.java:63)
	at org.apache.coyote.AbstractProtocol$ConnectionHandler.process(AbstractProtocol.java:905)
	at org.apache.tomcat.util.net.NioEndpoint$SocketProcessor.doRun(NioEndpoint.java:1743)
	at org.apache.tomcat.util.net.SocketProcessorBase.run(SocketProcessorBase.java:52)
	at org.apache.tomcat.util.threads.ThreadPoolExecutor.runWorker(ThreadPoolExecutor.java:1190)
	at org.apache.tomcat.util.threads.ThreadPoolExecutor$Worker.run(ThreadPoolExecutor.java:659)
	at org.apache.tomcat.util.threads.TaskThread$WrappingRunnable.run(TaskThread.java:63)
	at java.base/java.lang.Thread.run(Thread.java:1583)
Caused by: java.sql.SQLIntegrityConstraintViolationException: Column 'avatar' cannot be null
	at com.mysql.cj.jdbc.exceptions.SQLError.createSQLException(SQLError.java:109)
	at com.mysql.cj.jdbc.exceptions.SQLExceptionsMapping.translateException(SQLExceptionsMapping.java:114)
	at com.mysql.cj.jdbc.ClientPreparedStatement.executeInternal(ClientPreparedStatement.java:988)
	at com.mysql.cj.jdbc.ClientPreparedStatement.execute(ClientPreparedStatement.java:382)
	at com.zaxxer.hikari.pool.ProxyPreparedStatement.execute(ProxyPreparedStatement.java:44)
	at com.zaxxer.hikari.pool.HikariProxyPreparedStatement.execute(HikariProxyPreparedStatement.java)
	at java.base/jdk.internal.reflect.DirectMethodHandleAccessor.invoke(DirectMethodHandleAccessor.java:103)
	at java.base/java.lang.reflect.Method.invoke(Method.java:580)
	at org.apache.ibatis.logging.jdbc.PreparedStatementLogger.invoke(PreparedStatementLogger.java:58)
	at jdk.proxy3/jdk.proxy3.$Proxy81.execute(Unknown Source)
	at org.apache.ibatis.executor.statement.PreparedStatementHandler.update(PreparedStatementHandler.java:48)
	at org.apache.ibatis.executor.statement.RoutingStatementHandler.update(RoutingStatementHandler.java:75)
	at org.apache.ibatis.executor.SimpleExecutor.doUpdate(SimpleExecutor.java:50)
	at org.apache.ibatis.executor.BaseExecutor.update(BaseExecutor.java:117)
	at org.apache.ibatis.executor.CachingExecutor.update(CachingExecutor.java:76)
	at java.base/jdk.internal.reflect.DirectMethodHandleAccessor.invoke(DirectMethodHandleAccessor.java:103)
	at java.base/java.lang.reflect.Method.invoke(Method.java:580)
	at org.apache.ibatis.plugin.Plugin.invoke(Plugin.java:61)
	at jdk.proxy2/jdk.proxy2.$Proxy79.update(Unknown Source)
	at org.apache.ibatis.session.defaults.DefaultSqlSession.update(DefaultSqlSession.java:197)
	at org.apache.ibatis.session.defaults.DefaultSqlSession.insert(DefaultSqlSession.java:184)
	at java.base/jdk.internal.reflect.DirectMethodHandleAccessor.invoke(DirectMethodHandleAccessor.java:103)
	at java.base/java.lang.reflect.Method.invoke(Method.java:580)
	at org.mybatis.spring.SqlSessionTemplate$SqlSessionInterceptor.invoke(SqlSessionTemplate.java:333)
	... 56 common frames omitted
2025-03-06 22:28:16.600 [SpringApplicationShutdownHook] INFO  o.s.boot.web.embedded.tomcat.GracefulShutdown - Commencing graceful shutdown. Waiting for active requests to complete
2025-03-06 22:28:16.606 [tomcat-shutdown] INFO  o.s.boot.web.embedded.tomcat.GracefulShutdown - Graceful shutdown complete
2025-03-06 22:28:16.608 [SpringApplicationShutdownHook] INFO  com.zaxxer.hikari.HikariDataSource - hikari - Shutdown initiated...
2025-03-06 22:28:16.616 [SpringApplicationShutdownHook] INFO  com.zaxxer.hikari.HikariDataSource - hikari - Shutdown completed.
2025-03-06 22:28:19.227 [background-preinit] INFO  org.hibernate.validator.internal.util.Version - HV000001: Hibernate Validator 8.0.2.Final
2025-03-06 22:28:19.263 [main] INFO  com.example.basicproject.BasicProjectApplication - Starting BasicProjectApplication using Java 21.0.6 with PID 13892 (E:\project\basicProject\target\classes started by Diao YuHang in E:\project\basicProject)
2025-03-06 22:28:19.264 [main] INFO  com.example.basicproject.BasicProjectApplication - No active profile set, falling back to 1 default profile: "default"
2025-03-06 22:28:19.983 [main] INFO  o.s.boot.web.embedded.tomcat.TomcatWebServer - Tomcat initialized with port 8080 (http)
2025-03-06 22:28:19.994 [main] INFO  org.apache.coyote.http11.Http11NioProtocol - Initializing ProtocolHandler ["http-nio-8080"]
2025-03-06 22:28:19.995 [main] INFO  org.apache.catalina.core.StandardService - Starting service [Tomcat]
2025-03-06 22:28:19.996 [main] INFO  org.apache.catalina.core.StandardEngine - Starting Servlet engine: [Apache Tomcat/10.1.36]
2025-03-06 22:28:20.028 [main] INFO  o.a.c.c.ContainerBase.[Tomcat].[localhost].[/bp] - Initializing Spring embedded WebApplicationContext
2025-03-06 22:28:20.028 [main] INFO  o.s.b.w.s.c.ServletWebServerApplicationContext - Root WebApplicationContext: initialization completed in 730 ms
2025-03-06 22:28:20.548 [main] INFO  org.apache.coyote.http11.Http11NioProtocol - Starting ProtocolHandler ["http-nio-8080"]
2025-03-06 22:28:20.562 [main] INFO  o.s.boot.web.embedded.tomcat.TomcatWebServer - Tomcat started on port 8080 (http) with context path '/bp'
2025-03-06 22:28:20.567 [main] INFO  com.example.basicproject.BasicProjectApplication - Started BasicProjectApplication in 1.602 seconds (process running for 2.19)
2025-03-06 22:28:23.481 [http-nio-8080-exec-1] INFO  o.a.c.c.ContainerBase.[Tomcat].[localhost].[/bp] - Initializing Spring DispatcherServlet 'dispatcherServlet'
2025-03-06 22:28:23.481 [http-nio-8080-exec-1] INFO  org.springframework.web.servlet.DispatcherServlet - Initializing Servlet 'dispatcherServlet'
2025-03-06 22:28:23.482 [http-nio-8080-exec-1] INFO  org.springframework.web.servlet.DispatcherServlet - Completed initialization in 1 ms
2025-03-06 22:28:36.324 [http-nio-8080-exec-1] INFO  com.zaxxer.hikari.HikariDataSource - hikari - Starting...
2025-03-06 22:28:36.462 [http-nio-8080-exec-1] INFO  com.zaxxer.hikari.pool.HikariPool - hikari - Added connection com.mysql.cj.jdbc.ConnectionImpl@31fb03ad
2025-03-06 22:28:36.463 [http-nio-8080-exec-1] INFO  com.zaxxer.hikari.HikariDataSource - hikari - Start completed.
2025-03-06 22:28:36.884 [http-nio-8080-exec-1] ERROR c.e.basicproject.config.GlobalExceptionConfig - runtimeExceptionHandler:
### Error updating database.  Cause: java.sql.SQLException: Field 'create_time' doesn't have a default value
### The error may exist in file [E:\project\basicProject\target\classes\mapper\UserDao.xml]
### The error may involve com.example.basicproject.dao.UserDao.insertSelective-Inline
### The error occurred while setting parameters
### SQL: insert into user      ( employee_id,                       `password`,                       `name`,                       gender,                              email )       values ( ?,                       ?,                       ?,                       ?,                              ? )
### Cause: java.sql.SQLException: Field 'create_time' doesn't have a default value
; Field 'create_time' doesn't have a default value
org.springframework.dao.DataIntegrityViolationException: 
### Error updating database.  Cause: java.sql.SQLException: Field 'create_time' doesn't have a default value
### The error may exist in file [E:\project\basicProject\target\classes\mapper\UserDao.xml]
### The error may involve com.example.basicproject.dao.UserDao.insertSelective-Inline
### The error occurred while setting parameters
### SQL: insert into user      ( employee_id,                       `password`,                       `name`,                       gender,                              email )       values ( ?,                       ?,                       ?,                       ?,                              ? )
### Cause: java.sql.SQLException: Field 'create_time' doesn't have a default value
; Field 'create_time' doesn't have a default value
	at org.springframework.jdbc.support.SQLErrorCodeSQLExceptionTranslator.doTranslate(SQLErrorCodeSQLExceptionTranslator.java:258)
	at org.springframework.jdbc.support.AbstractFallbackSQLExceptionTranslator.translate(AbstractFallbackSQLExceptionTranslator.java:107)
	at org.mybatis.spring.MyBatisExceptionTranslator.translateExceptionIfPossible(MyBatisExceptionTranslator.java:93)
	at org.mybatis.spring.SqlSessionTemplate$SqlSessionInterceptor.invoke(SqlSessionTemplate.java:347)
	at jdk.proxy2/jdk.proxy2.$Proxy67.insert(Unknown Source)
	at org.mybatis.spring.SqlSessionTemplate.insert(SqlSessionTemplate.java:224)
	at org.apache.ibatis.binding.MapperMethod.execute(MapperMethod.java:62)
	at org.apache.ibatis.binding.MapperProxy$PlainMethodInvoker.invoke(MapperProxy.java:141)
	at org.apache.ibatis.binding.MapperProxy.invoke(MapperProxy.java:86)
	at jdk.proxy2/jdk.proxy2.$Proxy68.insertSelective(Unknown Source)
	at com.example.basicproject.service.impl.UserServiceImpl.register(UserServiceImpl.java:47)
	at com.example.basicproject.controller.user.UserController.register(UserController.java:42)
	at java.base/jdk.internal.reflect.DirectMethodHandleAccessor.invoke(DirectMethodHandleAccessor.java:103)
	at java.base/java.lang.reflect.Method.invoke(Method.java:580)
	at org.springframework.web.method.support.InvocableHandlerMethod.doInvoke(InvocableHandlerMethod.java:257)
	at org.springframework.web.method.support.InvocableHandlerMethod.invokeForRequest(InvocableHandlerMethod.java:190)
	at org.springframework.web.servlet.mvc.method.annotation.ServletInvocableHandlerMethod.invokeAndHandle(ServletInvocableHandlerMethod.java:118)
	at org.springframework.web.servlet.mvc.method.annotation.RequestMappingHandlerAdapter.invokeHandlerMethod(RequestMappingHandlerAdapter.java:986)
	at org.springframework.web.servlet.mvc.method.annotation.RequestMappingHandlerAdapter.handleInternal(RequestMappingHandlerAdapter.java:891)
	at org.springframework.web.servlet.mvc.method.AbstractHandlerMethodAdapter.handle(AbstractHandlerMethodAdapter.java:87)
	at org.springframework.web.servlet.DispatcherServlet.doDispatch(DispatcherServlet.java:1088)
	at org.springframework.web.servlet.DispatcherServlet.doService(DispatcherServlet.java:978)
	at org.springframework.web.servlet.FrameworkServlet.processRequest(FrameworkServlet.java:1014)
	at org.springframework.web.servlet.FrameworkServlet.doPost(FrameworkServlet.java:914)
	at jakarta.servlet.http.HttpServlet.service(HttpServlet.java:590)
	at org.springframework.web.servlet.FrameworkServlet.service(FrameworkServlet.java:885)
	at jakarta.servlet.http.HttpServlet.service(HttpServlet.java:658)
	at org.apache.catalina.core.ApplicationFilterChain.internalDoFilter(ApplicationFilterChain.java:195)
	at org.apache.catalina.core.ApplicationFilterChain.doFilter(ApplicationFilterChain.java:140)
	at org.apache.tomcat.websocket.server.WsFilter.doFilter(WsFilter.java:51)
	at org.apache.catalina.core.ApplicationFilterChain.internalDoFilter(ApplicationFilterChain.java:164)
	at org.apache.catalina.core.ApplicationFilterChain.doFilter(ApplicationFilterChain.java:140)
	at org.springframework.web.filter.RequestContextFilter.doFilterInternal(RequestContextFilter.java:100)
	at org.springframework.web.filter.OncePerRequestFilter.doFilter(OncePerRequestFilter.java:116)
	at org.apache.catalina.core.ApplicationFilterChain.internalDoFilter(ApplicationFilterChain.java:164)
	at org.apache.catalina.core.ApplicationFilterChain.doFilter(ApplicationFilterChain.java:140)
	at org.springframework.web.filter.FormContentFilter.doFilterInternal(FormContentFilter.java:93)
	at org.springframework.web.filter.OncePerRequestFilter.doFilter(OncePerRequestFilter.java:116)
	at org.apache.catalina.core.ApplicationFilterChain.internalDoFilter(ApplicationFilterChain.java:164)
	at org.apache.catalina.core.ApplicationFilterChain.doFilter(ApplicationFilterChain.java:140)
	at org.springframework.web.filter.CharacterEncodingFilter.doFilterInternal(CharacterEncodingFilter.java:201)
	at org.springframework.web.filter.OncePerRequestFilter.doFilter(OncePerRequestFilter.java:116)
	at org.apache.catalina.core.ApplicationFilterChain.internalDoFilter(ApplicationFilterChain.java:164)
	at org.apache.catalina.core.ApplicationFilterChain.doFilter(ApplicationFilterChain.java:140)
	at org.apache.catalina.core.StandardWrapperValve.invoke(StandardWrapperValve.java:167)
	at org.apache.catalina.core.StandardContextValve.invoke(StandardContextValve.java:90)
	at org.apache.catalina.authenticator.AuthenticatorBase.invoke(AuthenticatorBase.java:483)
	at org.apache.catalina.core.StandardHostValve.invoke(StandardHostValve.java:115)
	at org.apache.catalina.valves.ErrorReportValve.invoke(ErrorReportValve.java:93)
	at org.apache.catalina.core.StandardEngineValve.invoke(StandardEngineValve.java:74)
	at org.apache.catalina.connector.CoyoteAdapter.service(CoyoteAdapter.java:344)
	at org.apache.coyote.http11.Http11Processor.service(Http11Processor.java:397)
	at org.apache.coyote.AbstractProcessorLight.process(AbstractProcessorLight.java:63)
	at org.apache.coyote.AbstractProtocol$ConnectionHandler.process(AbstractProtocol.java:905)
	at org.apache.tomcat.util.net.NioEndpoint$SocketProcessor.doRun(NioEndpoint.java:1743)
	at org.apache.tomcat.util.net.SocketProcessorBase.run(SocketProcessorBase.java:52)
	at org.apache.tomcat.util.threads.ThreadPoolExecutor.runWorker(ThreadPoolExecutor.java:1190)
	at org.apache.tomcat.util.threads.ThreadPoolExecutor$Worker.run(ThreadPoolExecutor.java:659)
	at org.apache.tomcat.util.threads.TaskThread$WrappingRunnable.run(TaskThread.java:63)
	at java.base/java.lang.Thread.run(Thread.java:1583)
Caused by: java.sql.SQLException: Field 'create_time' doesn't have a default value
	at com.mysql.cj.jdbc.exceptions.SQLError.createSQLException(SQLError.java:121)
	at com.mysql.cj.jdbc.exceptions.SQLExceptionsMapping.translateException(SQLExceptionsMapping.java:114)
	at com.mysql.cj.jdbc.ClientPreparedStatement.executeInternal(ClientPreparedStatement.java:988)
	at com.mysql.cj.jdbc.ClientPreparedStatement.execute(ClientPreparedStatement.java:382)
	at com.zaxxer.hikari.pool.ProxyPreparedStatement.execute(ProxyPreparedStatement.java:44)
	at com.zaxxer.hikari.pool.HikariProxyPreparedStatement.execute(HikariProxyPreparedStatement.java)
	at java.base/jdk.internal.reflect.DirectMethodHandleAccessor.invoke(DirectMethodHandleAccessor.java:103)
	at java.base/java.lang.reflect.Method.invoke(Method.java:580)
	at org.apache.ibatis.logging.jdbc.PreparedStatementLogger.invoke(PreparedStatementLogger.java:58)
	at jdk.proxy3/jdk.proxy3.$Proxy81.execute(Unknown Source)
	at org.apache.ibatis.executor.statement.PreparedStatementHandler.update(PreparedStatementHandler.java:48)
	at org.apache.ibatis.executor.statement.RoutingStatementHandler.update(RoutingStatementHandler.java:75)
	at org.apache.ibatis.executor.SimpleExecutor.doUpdate(SimpleExecutor.java:50)
	at org.apache.ibatis.executor.BaseExecutor.update(BaseExecutor.java:117)
	at org.apache.ibatis.executor.CachingExecutor.update(CachingExecutor.java:76)
	at java.base/jdk.internal.reflect.DirectMethodHandleAccessor.invoke(DirectMethodHandleAccessor.java:103)
	at java.base/java.lang.reflect.Method.invoke(Method.java:580)
	at org.apache.ibatis.plugin.Plugin.invoke(Plugin.java:61)
	at jdk.proxy2/jdk.proxy2.$Proxy79.update(Unknown Source)
	at org.apache.ibatis.session.defaults.DefaultSqlSession.update(DefaultSqlSession.java:197)
	at org.apache.ibatis.session.defaults.DefaultSqlSession.insert(DefaultSqlSession.java:184)
	at java.base/jdk.internal.reflect.DirectMethodHandleAccessor.invoke(DirectMethodHandleAccessor.java:103)
	at java.base/java.lang.reflect.Method.invoke(Method.java:580)
	at org.mybatis.spring.SqlSessionTemplate$SqlSessionInterceptor.invoke(SqlSessionTemplate.java:333)
	... 56 common frames omitted
2025-03-06 22:30:52.484 [SpringApplicationShutdownHook] INFO  o.s.boot.web.embedded.tomcat.GracefulShutdown - Commencing graceful shutdown. Waiting for active requests to complete
2025-03-06 22:30:52.489 [tomcat-shutdown] INFO  o.s.boot.web.embedded.tomcat.GracefulShutdown - Graceful shutdown complete
2025-03-06 22:30:52.492 [SpringApplicationShutdownHook] INFO  com.zaxxer.hikari.HikariDataSource - hikari - Shutdown initiated...
2025-03-06 22:30:52.499 [SpringApplicationShutdownHook] INFO  com.zaxxer.hikari.HikariDataSource - hikari - Shutdown completed.
2025-03-06 22:30:55.315 [background-preinit] INFO  org.hibernate.validator.internal.util.Version - HV000001: Hibernate Validator 8.0.2.Final
2025-03-06 22:30:55.351 [main] INFO  com.example.basicproject.BasicProjectApplication - Starting BasicProjectApplication using Java 21.0.6 with PID 18232 (E:\project\basicProject\target\classes started by Diao YuHang in E:\project\basicProject)
2025-03-06 22:30:55.352 [main] INFO  com.example.basicproject.BasicProjectApplication - No active profile set, falling back to 1 default profile: "default"
2025-03-06 22:30:56.099 [main] INFO  o.s.boot.web.embedded.tomcat.TomcatWebServer - Tomcat initialized with port 8080 (http)
2025-03-06 22:30:56.110 [main] INFO  org.apache.coyote.http11.Http11NioProtocol - Initializing ProtocolHandler ["http-nio-8080"]
2025-03-06 22:30:56.111 [main] INFO  org.apache.catalina.core.StandardService - Starting service [Tomcat]
2025-03-06 22:30:56.111 [main] INFO  org.apache.catalina.core.StandardEngine - Starting Servlet engine: [Apache Tomcat/10.1.36]
2025-03-06 22:30:56.142 [main] INFO  o.a.c.c.ContainerBase.[Tomcat].[localhost].[/bp] - Initializing Spring embedded WebApplicationContext
2025-03-06 22:30:56.143 [main] INFO  o.s.b.w.s.c.ServletWebServerApplicationContext - Root WebApplicationContext: initialization completed in 750 ms
2025-03-06 22:30:56.681 [main] INFO  org.apache.coyote.http11.Http11NioProtocol - Starting ProtocolHandler ["http-nio-8080"]
2025-03-06 22:30:56.694 [main] INFO  o.s.boot.web.embedded.tomcat.TomcatWebServer - Tomcat started on port 8080 (http) with context path '/bp'
2025-03-06 22:30:56.700 [main] INFO  com.example.basicproject.BasicProjectApplication - Started BasicProjectApplication in 1.647 seconds (process running for 2.227)
2025-03-06 22:31:00.432 [SpringApplicationShutdownHook] INFO  o.s.boot.web.embedded.tomcat.GracefulShutdown - Commencing graceful shutdown. Waiting for active requests to complete
2025-03-06 22:31:00.438 [tomcat-shutdown] INFO  o.s.boot.web.embedded.tomcat.GracefulShutdown - Graceful shutdown complete
2025-03-06 22:31:02.995 [background-preinit] INFO  org.hibernate.validator.internal.util.Version - HV000001: Hibernate Validator 8.0.2.Final
2025-03-06 22:31:03.031 [main] INFO  com.example.basicproject.BasicProjectApplication - Starting BasicProjectApplication using Java 21.0.6 with PID 400 (E:\project\basicProject\target\classes started by Diao YuHang in E:\project\basicProject)
2025-03-06 22:31:03.031 [main] INFO  com.example.basicproject.BasicProjectApplication - No active profile set, falling back to 1 default profile: "default"
2025-03-06 22:31:03.780 [main] INFO  o.s.boot.web.embedded.tomcat.TomcatWebServer - Tomcat initialized with port 8080 (http)
2025-03-06 22:31:03.789 [main] INFO  org.apache.coyote.http11.Http11NioProtocol - Initializing ProtocolHandler ["http-nio-8080"]
2025-03-06 22:31:03.791 [main] INFO  org.apache.catalina.core.StandardService - Starting service [Tomcat]
2025-03-06 22:31:03.791 [main] INFO  org.apache.catalina.core.StandardEngine - Starting Servlet engine: [Apache Tomcat/10.1.36]
2025-03-06 22:31:03.824 [main] INFO  o.a.c.c.ContainerBase.[Tomcat].[localhost].[/bp] - Initializing Spring embedded WebApplicationContext
2025-03-06 22:31:03.825 [main] INFO  o.s.b.w.s.c.ServletWebServerApplicationContext - Root WebApplicationContext: initialization completed in 758 ms
2025-03-06 22:31:04.362 [main] INFO  org.apache.coyote.http11.Http11NioProtocol - Starting ProtocolHandler ["http-nio-8080"]
2025-03-06 22:31:04.375 [main] INFO  o.s.boot.web.embedded.tomcat.TomcatWebServer - Tomcat started on port 8080 (http) with context path '/bp'
2025-03-06 22:31:04.381 [main] INFO  com.example.basicproject.BasicProjectApplication - Started BasicProjectApplication in 1.654 seconds (process running for 2.238)
2025-03-06 22:31:10.009 [http-nio-8080-exec-1] INFO  o.a.c.c.ContainerBase.[Tomcat].[localhost].[/bp] - Initializing Spring DispatcherServlet 'dispatcherServlet'
2025-03-06 22:31:10.009 [http-nio-8080-exec-1] INFO  org.springframework.web.servlet.DispatcherServlet - Initializing Servlet 'dispatcherServlet'
2025-03-06 22:31:10.010 [http-nio-8080-exec-1] INFO  org.springframework.web.servlet.DispatcherServlet - Completed initialization in 0 ms
2025-03-06 22:31:12.230 [http-nio-8080-exec-1] INFO  com.zaxxer.hikari.HikariDataSource - hikari - Starting...
2025-03-06 22:31:12.358 [http-nio-8080-exec-1] INFO  com.zaxxer.hikari.pool.HikariPool - hikari - Added connection com.mysql.cj.jdbc.ConnectionImpl@29e35447
2025-03-06 22:31:12.360 [http-nio-8080-exec-1] INFO  com.zaxxer.hikari.HikariDataSource - hikari - Start completed.
2025-03-06 22:33:44.386 [SpringApplicationShutdownHook] INFO  o.s.boot.web.embedded.tomcat.GracefulShutdown - Commencing graceful shutdown. Waiting for active requests to complete
2025-03-06 22:33:44.391 [tomcat-shutdown] INFO  o.s.boot.web.embedded.tomcat.GracefulShutdown - Graceful shutdown complete
2025-03-06 22:33:44.394 [SpringApplicationShutdownHook] INFO  com.zaxxer.hikari.HikariDataSource - hikari - Shutdown initiated...
2025-03-06 22:33:44.402 [SpringApplicationShutdownHook] INFO  com.zaxxer.hikari.HikariDataSource - hikari - Shutdown completed.
2025-03-06 22:33:46.730 [background-preinit] INFO  org.hibernate.validator.internal.util.Version - HV000001: Hibernate Validator 8.0.2.Final
2025-03-06 22:33:46.767 [main] INFO  com.example.basicproject.BasicProjectApplication - Starting BasicProjectApplication using Java 21.0.6 with PID 3988 (E:\project\basicProject\target\classes started by Diao YuHang in E:\project\basicProject)
2025-03-06 22:33:46.767 [main] INFO  com.example.basicproject.BasicProjectApplication - No active profile set, falling back to 1 default profile: "default"
2025-03-06 22:33:47.506 [main] INFO  o.s.boot.web.embedded.tomcat.TomcatWebServer - Tomcat initialized with port 8080 (http)
2025-03-06 22:33:47.515 [main] INFO  org.apache.coyote.http11.Http11NioProtocol - Initializing ProtocolHandler ["http-nio-8080"]
2025-03-06 22:33:47.517 [main] INFO  org.apache.catalina.core.StandardService - Starting service [Tomcat]
2025-03-06 22:33:47.517 [main] INFO  org.apache.catalina.core.StandardEngine - Starting Servlet engine: [Apache Tomcat/10.1.36]
2025-03-06 22:33:47.549 [main] INFO  o.a.c.c.ContainerBase.[Tomcat].[localhost].[/bp] - Initializing Spring embedded WebApplicationContext
2025-03-06 22:33:47.549 [main] INFO  o.s.b.w.s.c.ServletWebServerApplicationContext - Root WebApplicationContext: initialization completed in 747 ms
2025-03-06 22:33:48.067 [main] INFO  org.apache.coyote.http11.Http11NioProtocol - Starting ProtocolHandler ["http-nio-8080"]
2025-03-06 22:33:48.079 [main] INFO  o.s.boot.web.embedded.tomcat.TomcatWebServer - Tomcat started on port 8080 (http) with context path '/bp'
2025-03-06 22:33:48.084 [main] INFO  com.example.basicproject.BasicProjectApplication - Started BasicProjectApplication in 1.63 seconds (process running for 2.223)
2025-03-06 22:33:52.622 [http-nio-8080-exec-1] INFO  o.a.c.c.ContainerBase.[Tomcat].[localhost].[/bp] - Initializing Spring DispatcherServlet 'dispatcherServlet'
2025-03-06 22:33:52.622 [http-nio-8080-exec-1] INFO  org.springframework.web.servlet.DispatcherServlet - Initializing Servlet 'dispatcherServlet'
2025-03-06 22:33:52.623 [http-nio-8080-exec-1] INFO  org.springframework.web.servlet.DispatcherServlet - Completed initialization in 1 ms
2025-03-06 22:33:52.754 [http-nio-8080-exec-1] INFO  com.zaxxer.hikari.HikariDataSource - hikari - Starting...
2025-03-06 22:33:52.889 [http-nio-8080-exec-1] INFO  com.zaxxer.hikari.pool.HikariPool - hikari - Added connection com.mysql.cj.jdbc.ConnectionImpl@1699d73a
2025-03-06 22:33:52.891 [http-nio-8080-exec-1] INFO  com.zaxxer.hikari.HikariDataSource - hikari - Start completed.
2025-03-06 22:34:08.762 [SpringApplicationShutdownHook] INFO  o.s.boot.web.embedded.tomcat.GracefulShutdown - Commencing graceful shutdown. Waiting for active requests to complete
2025-03-06 22:34:08.769 [tomcat-shutdown] INFO  o.s.boot.web.embedded.tomcat.GracefulShutdown - Graceful shutdown complete
2025-03-06 22:34:08.773 [SpringApplicationShutdownHook] INFO  com.zaxxer.hikari.HikariDataSource - hikari - Shutdown initiated...
2025-03-06 22:34:08.779 [SpringApplicationShutdownHook] INFO  com.zaxxer.hikari.HikariDataSource - hikari - Shutdown completed.
2025-03-06 22:34:10.645 [background-preinit] INFO  org.hibernate.validator.internal.util.Version - HV000001: Hibernate Validator 8.0.2.Final
2025-03-06 22:34:10.680 [main] INFO  com.example.basicproject.BasicProjectApplication - Starting BasicProjectApplication using Java 21.0.6 with PID 7304 (E:\project\basicProject\target\classes started by Diao YuHang in E:\project\basicProject)
2025-03-06 22:34:10.680 [main] INFO  com.example.basicproject.BasicProjectApplication - No active profile set, falling back to 1 default profile: "default"
2025-03-06 22:34:11.449 [main] INFO  o.s.boot.web.embedded.tomcat.TomcatWebServer - Tomcat initialized with port 8080 (http)
2025-03-06 22:34:11.459 [main] INFO  org.apache.coyote.http11.Http11NioProtocol - Initializing ProtocolHandler ["http-nio-8080"]
2025-03-06 22:34:11.460 [main] INFO  org.apache.catalina.core.StandardService - Starting service [Tomcat]
2025-03-06 22:34:11.460 [main] INFO  org.apache.catalina.core.StandardEngine - Starting Servlet engine: [Apache Tomcat/10.1.36]
2025-03-06 22:34:11.494 [main] INFO  o.a.c.c.ContainerBase.[Tomcat].[localhost].[/bp] - Initializing Spring embedded WebApplicationContext
2025-03-06 22:34:11.494 [main] INFO  o.s.b.w.s.c.ServletWebServerApplicationContext - Root WebApplicationContext: initialization completed in 777 ms
2025-03-06 22:34:12.012 [main] INFO  org.apache.coyote.http11.Http11NioProtocol - Starting ProtocolHandler ["http-nio-8080"]
2025-03-06 22:34:12.025 [main] INFO  o.s.boot.web.embedded.tomcat.TomcatWebServer - Tomcat started on port 8080 (http) with context path '/bp'
2025-03-06 22:34:12.029 [main] INFO  com.example.basicproject.BasicProjectApplication - Started BasicProjectApplication in 1.665 seconds (process running for 2.293)
2025-03-06 22:34:13.798 [http-nio-8080-exec-1] INFO  o.a.c.c.ContainerBase.[Tomcat].[localhost].[/bp] - Initializing Spring DispatcherServlet 'dispatcherServlet'
2025-03-06 22:34:13.798 [http-nio-8080-exec-1] INFO  org.springframework.web.servlet.DispatcherServlet - Initializing Servlet 'dispatcherServlet'
2025-03-06 22:34:13.799 [http-nio-8080-exec-1] INFO  org.springframework.web.servlet.DispatcherServlet - Completed initialization in 1 ms
2025-03-06 22:34:13.929 [http-nio-8080-exec-1] INFO  com.zaxxer.hikari.HikariDataSource - hikari - Starting...
2025-03-06 22:34:14.056 [http-nio-8080-exec-1] INFO  com.zaxxer.hikari.pool.HikariPool - hikari - Added connection com.mysql.cj.jdbc.ConnectionImpl@118b881a
2025-03-06 22:34:14.058 [http-nio-8080-exec-1] INFO  com.zaxxer.hikari.HikariDataSource - hikari - Start completed.
2025-03-06 22:36:07.492 [SpringApplicationShutdownHook] INFO  o.s.boot.web.embedded.tomcat.GracefulShutdown - Commencing graceful shutdown. Waiting for active requests to complete
2025-03-06 22:36:07.497 [tomcat-shutdown] INFO  o.s.boot.web.embedded.tomcat.GracefulShutdown - Graceful shutdown complete
2025-03-06 22:36:07.501 [SpringApplicationShutdownHook] INFO  com.zaxxer.hikari.HikariDataSource - hikari - Shutdown initiated...
2025-03-06 22:36:07.509 [SpringApplicationShutdownHook] INFO  com.zaxxer.hikari.HikariDataSource - hikari - Shutdown completed.
2025-03-06 22:36:47.877 [background-preinit] INFO  org.hibernate.validator.internal.util.Version - HV000001: Hibernate Validator 8.0.2.Final
2025-03-06 22:36:47.909 [main] INFO  com.example.basicproject.BasicProjectApplication - Starting BasicProjectApplication using Java 21.0.6 with PID 664 (E:\project\basicProject\target\classes started by Diao YuHang in E:\project\basicProject)
2025-03-06 22:36:47.910 [main] INFO  com.example.basicproject.BasicProjectApplication - No active profile set, falling back to 1 default profile: "default"
2025-03-06 22:36:48.653 [main] INFO  o.s.boot.web.embedded.tomcat.TomcatWebServer - Tomcat initialized with port 8080 (http)
2025-03-06 22:36:48.662 [main] INFO  org.apache.coyote.http11.Http11NioProtocol - Initializing ProtocolHandler ["http-nio-8080"]
2025-03-06 22:36:48.664 [main] INFO  org.apache.catalina.core.StandardService - Starting service [Tomcat]
2025-03-06 22:36:48.664 [main] INFO  org.apache.catalina.core.StandardEngine - Starting Servlet engine: [Apache Tomcat/10.1.36]
2025-03-06 22:36:48.696 [main] INFO  o.a.c.c.ContainerBase.[Tomcat].[localhost].[/bp] - Initializing Spring embedded WebApplicationContext
2025-03-06 22:36:48.697 [main] INFO  o.s.b.w.s.c.ServletWebServerApplicationContext - Root WebApplicationContext: initialization completed in 752 ms
2025-03-06 22:36:49.254 [main] INFO  org.apache.coyote.http11.Http11NioProtocol - Starting ProtocolHandler ["http-nio-8080"]
2025-03-06 22:36:49.268 [main] INFO  o.s.boot.web.embedded.tomcat.TomcatWebServer - Tomcat started on port 8080 (http) with context path '/bp'
2025-03-06 22:36:49.273 [main] INFO  com.example.basicproject.BasicProjectApplication - Started BasicProjectApplication in 1.681 seconds (process running for 2.303)
2025-03-06 22:36:55.215 [http-nio-8080-exec-1] INFO  o.a.c.c.ContainerBase.[Tomcat].[localhost].[/bp] - Initializing Spring DispatcherServlet 'dispatcherServlet'
2025-03-06 22:36:55.216 [http-nio-8080-exec-1] INFO  org.springframework.web.servlet.DispatcherServlet - Initializing Servlet 'dispatcherServlet'
2025-03-06 22:36:55.217 [http-nio-8080-exec-1] INFO  org.springframework.web.servlet.DispatcherServlet - Completed initialization in 1 ms
2025-03-06 22:36:55.361 [http-nio-8080-exec-1] INFO  com.zaxxer.hikari.HikariDataSource - hikari - Starting...
2025-03-06 22:36:55.489 [http-nio-8080-exec-1] INFO  com.zaxxer.hikari.pool.HikariPool - hikari - Added connection com.mysql.cj.jdbc.ConnectionImpl@49652ce
2025-03-06 22:36:55.490 [http-nio-8080-exec-1] INFO  com.zaxxer.hikari.HikariDataSource - hikari - Start completed.
2025-03-06 22:38:16.181 [SpringApplicationShutdownHook] INFO  o.s.boot.web.embedded.tomcat.GracefulShutdown - Commencing graceful shutdown. Waiting for active requests to complete
2025-03-06 22:38:16.186 [tomcat-shutdown] INFO  o.s.boot.web.embedded.tomcat.GracefulShutdown - Graceful shutdown complete
2025-03-06 22:38:16.188 [SpringApplicationShutdownHook] INFO  com.zaxxer.hikari.HikariDataSource - hikari - Shutdown initiated...
2025-03-06 22:38:16.193 [SpringApplicationShutdownHook] INFO  com.zaxxer.hikari.HikariDataSource - hikari - Shutdown completed.
2025-03-06 22:38:18.909 [background-preinit] INFO  org.hibernate.validator.internal.util.Version - HV000001: Hibernate Validator 8.0.2.Final
2025-03-06 22:38:18.946 [main] INFO  com.example.basicproject.BasicProjectApplication - Starting BasicProjectApplication using Java 21.0.6 with PID 8956 (E:\project\basicProject\target\classes started by Diao YuHang in E:\project\basicProject)
2025-03-06 22:38:18.946 [main] INFO  com.example.basicproject.BasicProjectApplication - No active profile set, falling back to 1 default profile: "default"
2025-03-06 22:38:19.670 [main] INFO  o.s.boot.web.embedded.tomcat.TomcatWebServer - Tomcat initialized with port 8080 (http)
2025-03-06 22:38:19.679 [main] INFO  org.apache.coyote.http11.Http11NioProtocol - Initializing ProtocolHandler ["http-nio-8080"]
2025-03-06 22:38:19.680 [main] INFO  org.apache.catalina.core.StandardService - Starting service [Tomcat]
2025-03-06 22:38:19.680 [main] INFO  org.apache.catalina.core.StandardEngine - Starting Servlet engine: [Apache Tomcat/10.1.36]
2025-03-06 22:38:19.711 [main] INFO  o.a.c.c.ContainerBase.[Tomcat].[localhost].[/bp] - Initializing Spring embedded WebApplicationContext
2025-03-06 22:38:19.711 [main] INFO  o.s.b.w.s.c.ServletWebServerApplicationContext - Root WebApplicationContext: initialization completed in 730 ms
2025-03-06 22:38:20.264 [main] INFO  org.apache.coyote.http11.Http11NioProtocol - Starting ProtocolHandler ["http-nio-8080"]
2025-03-06 22:38:20.277 [main] INFO  o.s.boot.web.embedded.tomcat.TomcatWebServer - Tomcat started on port 8080 (http) with context path '/bp'
2025-03-06 22:38:20.282 [main] INFO  com.example.basicproject.BasicProjectApplication - Started BasicProjectApplication in 1.642 seconds (process running for 2.222)
2025-03-06 22:38:24.330 [http-nio-8080-exec-2] INFO  o.a.c.c.ContainerBase.[Tomcat].[localhost].[/bp] - Initializing Spring DispatcherServlet 'dispatcherServlet'
2025-03-06 22:38:24.330 [http-nio-8080-exec-2] INFO  org.springframework.web.servlet.DispatcherServlet - Initializing Servlet 'dispatcherServlet'
2025-03-06 22:38:24.331 [http-nio-8080-exec-2] INFO  org.springframework.web.servlet.DispatcherServlet - Completed initialization in 1 ms
2025-03-06 22:38:24.467 [http-nio-8080-exec-2] INFO  com.zaxxer.hikari.HikariDataSource - hikari - Starting...
2025-03-06 22:38:24.592 [http-nio-8080-exec-2] INFO  com.zaxxer.hikari.pool.HikariPool - hikari - Added connection com.mysql.cj.jdbc.ConnectionImpl@111b7337
2025-03-06 22:38:24.593 [http-nio-8080-exec-2] INFO  com.zaxxer.hikari.HikariDataSource - hikari - Start completed.
2025-03-06 22:42:45.914 [SpringApplicationShutdownHook] INFO  o.s.boot.web.embedded.tomcat.GracefulShutdown - Commencing graceful shutdown. Waiting for active requests to complete
2025-03-06 22:42:45.919 [tomcat-shutdown] INFO  o.s.boot.web.embedded.tomcat.GracefulShutdown - Graceful shutdown complete
2025-03-06 22:42:45.921 [SpringApplicationShutdownHook] INFO  com.zaxxer.hikari.HikariDataSource - hikari - Shutdown initiated...
2025-03-06 22:42:45.928 [SpringApplicationShutdownHook] INFO  com.zaxxer.hikari.HikariDataSource - hikari - Shutdown completed.
2025-03-06 22:42:48.501 [background-preinit] INFO  org.hibernate.validator.internal.util.Version - HV000001: Hibernate Validator 8.0.2.Final
2025-03-06 22:42:48.537 [main] INFO  com.example.basicproject.BasicProjectApplication - Starting BasicProjectApplication using Java 21.0.6 with PID 14580 (E:\project\basicProject\target\classes started by Diao YuHang in E:\project\basicProject)
2025-03-06 22:42:48.538 [main] INFO  com.example.basicproject.BasicProjectApplication - No active profile set, falling back to 1 default profile: "default"
2025-03-06 22:42:49.309 [main] INFO  o.s.boot.web.embedded.tomcat.TomcatWebServer - Tomcat initialized with port 8080 (http)
2025-03-06 22:42:49.318 [main] INFO  org.apache.coyote.http11.Http11NioProtocol - Initializing ProtocolHandler ["http-nio-8080"]
2025-03-06 22:42:49.319 [main] INFO  org.apache.catalina.core.StandardService - Starting service [Tomcat]
2025-03-06 22:42:49.320 [main] INFO  org.apache.catalina.core.StandardEngine - Starting Servlet engine: [Apache Tomcat/10.1.36]
2025-03-06 22:42:49.352 [main] INFO  o.a.c.c.ContainerBase.[Tomcat].[localhost].[/bp] - Initializing Spring embedded WebApplicationContext
2025-03-06 22:42:49.353 [main] INFO  o.s.b.w.s.c.ServletWebServerApplicationContext - Root WebApplicationContext: initialization completed in 780 ms
2025-03-06 22:42:49.880 [main] INFO  org.apache.coyote.http11.Http11NioProtocol - Starting ProtocolHandler ["http-nio-8080"]
2025-03-06 22:42:49.894 [main] INFO  o.s.boot.web.embedded.tomcat.TomcatWebServer - Tomcat started on port 8080 (http) with context path '/bp'
2025-03-06 22:42:49.899 [main] INFO  com.example.basicproject.BasicProjectApplication - Started BasicProjectApplication in 1.662 seconds (process running for 2.239)
2025-03-06 22:42:53.600 [http-nio-8080-exec-1] INFO  o.a.c.c.ContainerBase.[Tomcat].[localhost].[/bp] - Initializing Spring DispatcherServlet 'dispatcherServlet'
2025-03-06 22:42:53.601 [http-nio-8080-exec-1] INFO  org.springframework.web.servlet.DispatcherServlet - Initializing Servlet 'dispatcherServlet'
2025-03-06 22:42:53.601 [http-nio-8080-exec-1] INFO  org.springframework.web.servlet.DispatcherServlet - Completed initialization in 0 ms
2025-03-06 22:42:53.734 [http-nio-8080-exec-1] INFO  com.zaxxer.hikari.HikariDataSource - hikari - Starting...
2025-03-06 22:42:53.870 [http-nio-8080-exec-1] INFO  com.zaxxer.hikari.pool.HikariPool - hikari - Added connection com.mysql.cj.jdbc.ConnectionImpl@5d9f75bd
2025-03-06 22:42:53.872 [http-nio-8080-exec-1] INFO  com.zaxxer.hikari.HikariDataSource - hikari - Start completed.
2025-03-06 22:42:53.915 [http-nio-8080-exec-1] INFO  c.e.basicproject.service.impl.UserServiceImpl - ======================2
2025-03-06 22:43:39.146 [http-nio-8080-exec-3] INFO  c.e.basicproject.service.impl.UserServiceImpl - ======================2
2025-03-06 22:43:47.429 [http-nio-8080-exec-4] INFO  c.e.basicproject.service.impl.UserServiceImpl - ======================2
2025-03-06 22:44:45.261 [http-nio-8080-exec-6] INFO  c.e.basicproject.service.impl.UserServiceImpl - ======================2
2025-03-06 22:44:47.850 [SpringApplicationShutdownHook] INFO  o.s.boot.web.embedded.tomcat.GracefulShutdown - Commencing graceful shutdown. Waiting for active requests to complete
2025-03-06 22:44:47.855 [tomcat-shutdown] INFO  o.s.boot.web.embedded.tomcat.GracefulShutdown - Graceful shutdown complete
2025-03-06 22:44:47.857 [SpringApplicationShutdownHook] INFO  com.zaxxer.hikari.HikariDataSource - hikari - Shutdown initiated...
2025-03-06 22:44:47.861 [SpringApplicationShutdownHook] INFO  com.zaxxer.hikari.HikariDataSource - hikari - Shutdown completed.
